Determining if the pthread_create exist failed with the following output:
Change Dir: /home/mrm/robotsim_ws/build/CMakeFiles/CMakeTmp

Run Build Command:"/usr/bin/make" "cmTC_176fe/fast"
/usr/bin/make -f CMakeFiles/cmTC_176fe.dir/build.make CMakeFiles/cmTC_176fe.dir/build
make[1]: Entering directory '/home/mrm/robotsim_ws/build/CMakeFiles/CMakeTmp'
Building C object CMakeFiles/cmTC_176fe.dir/CheckSymbolExists.c.o
/usr/bin/cc     -o CMakeFiles/cmTC_176fe.dir/CheckSymbolExists.c.o   -c /home/mrm/robotsim_ws/build/CMakeFiles/CMakeTmp/CheckSymbolExists.c
Linking C executable cmTC_176fe
/usr/bin/cmake -E cmake_link_script CMakeFiles/cmTC_176fe.dir/link.txt --verbose=1
/usr/bin/cc       CMakeFiles/cmTC_176fe.dir/CheckSymbolExists.c.o  -o cmTC_176fe -rdynamic 
CMakeFiles/cmTC_176fe.dir/CheckSymbolExists.c.o: In function `main':
CheckSymbolExists.c:(.text+0x16): undefined reference to `pthread_create'
collect2: error: ld returned 1 exit status
CMakeFiles/cmTC_176fe.dir/build.make:97: recipe for target 'cmTC_176fe' failed
make[1]: *** [cmTC_176fe] Error 1
make[1]: Leaving directory '/home/mrm/robotsim_ws/build/CMakeFiles/CMakeTmp'
Makefile:126: recipe for target 'cmTC_176fe/fast' failed
make: *** [cmTC_176fe/fast] Error 2

File /home/mrm/robotsim_ws/build/CMakeFiles/CMakeTmp/CheckSymbolExists.c:
/* */
#include <pthread.h>

int main(int argc, char** argv)
{
  (void)argv;
#ifndef pthread_create
  return ((int*)(&pthread_create))[argc];
#else
  (void)argc;
  return 0;
#endif
}

Determining if the function pthread_create exists in the pthreads failed with the following output:
Change Dir: /home/mrm/robotsim_ws/build/CMakeFiles/CMakeTmp

Run Build Command:"/usr/bin/make" "cmTC_2a4eb/fast"
/usr/bin/make -f CMakeFiles/cmTC_2a4eb.dir/build.make CMakeFiles/cmTC_2a4eb.dir/build
make[1]: Entering directory '/home/mrm/robotsim_ws/build/CMakeFiles/CMakeTmp'
Building C object CMakeFiles/cmTC_2a4eb.dir/CheckFunctionExists.c.o
/usr/bin/cc    -DCHECK_FUNCTION_EXISTS=pthread_create   -o CMakeFiles/cmTC_2a4eb.dir/CheckFunctionExists.c.o   -c /usr/share/cmake-3.5/Modules/CheckFunctionExists.c
Linking C executable cmTC_2a4eb
/usr/bin/cmake -E cmake_link_script CMakeFiles/cmTC_2a4eb.dir/link.txt --verbose=1
/usr/bin/cc   -DCHECK_FUNCTION_EXISTS=pthread_create    CMakeFiles/cmTC_2a4eb.dir/CheckFunctionExists.c.o  -o cmTC_2a4eb -rdynamic -lpthreads 
/usr/bin/ld: cannot find -lpthreads
collect2: error: ld returned 1 exit status
CMakeFiles/cmTC_2a4eb.dir/build.make:97: recipe for target 'cmTC_2a4eb' failed
make[1]: *** [cmTC_2a4eb] Error 1
make[1]: Leaving directory '/home/mrm/robotsim_ws/build/CMakeFiles/CMakeTmp'
Makefile:126: recipe for target 'cmTC_2a4eb/fast' failed
make: *** [cmTC_2a4eb/fast] Error 2


